[0.011s] Invoking command in '/home/rosdev/ROS2/src/build/demos': CMAKE_PREFIX_PATH=${CMAKE_PREFIX_PATH}:/opt/ros/humble /usr/bin/cmake /home/rosdev/ROS2/src/demos/src/demos -DCMAKE_INSTALL_PREFIX=/home/rosdev/ROS2/src/install/demos
[0.069s] -- The C compiler identification is GNU 11.4.0
[0.131s] -- The CXX compiler identification is GNU 11.4.0
[0.141s] -- Detecting C compiler ABI info
[0.221s] -- Detecting C compiler ABI info - done
[0.230s] -- Check for working C compiler: /usr/bin/cc - skipped
[0.231s] -- Detecting C compile features
[0.231s] -- Detecting C compile features - done
[0.235s] -- Detecting CXX compiler ABI info
[0.326s] -- Detecting CXX compiler ABI info - done
[0.335s] -- Check for working CXX compiler: /usr/bin/c++ - skipped
[0.335s] -- Detecting CXX compile features
[0.336s] -- Detecting CXX compile features - done
[0.338s] -- Found ament_cmake: 1.3.11 (/opt/ros/humble/share/ament_cmake/cmake)
[0.503s] -- Found Python3: /usr/bin/python3 (found version "3.10.12") found components: Interpreter 
[0.617s] -- Found rclcpp: 16.0.12 (/opt/ros/humble/share/rclcpp/cmake)
[0.672s] -- Found rosidl_generator_c: 3.1.6 (/opt/ros/humble/share/rosidl_generator_c/cmake)
[0.677s] -- Found rosidl_adapter: 3.1.6 (/opt/ros/humble/share/rosidl_adapter/cmake)
[0.686s] -- Found rosidl_generator_cpp: 3.1.6 (/opt/ros/humble/share/rosidl_generator_cpp/cmake)
[0.700s] -- Using all available rosidl_typesupport_c: rosidl_typesupport_fastrtps_c;rosidl_typesupport_introspection_c
[0.719s] -- Using all available rosidl_typesupport_cpp: rosidl_typesupport_fastrtps_cpp;rosidl_typesupport_introspection_cpp
[0.768s] -- Found rmw_implementation_cmake: 6.1.2 (/opt/ros/humble/share/rmw_implementation_cmake/cmake)
[0.771s] -- Found rmw_fastrtps_cpp: 6.2.7 (/opt/ros/humble/share/rmw_fastrtps_cpp/cmake)
[0.857s] -- Found OpenSSL: /usr/lib/x86_64-linux-gnu/libcrypto.so (found version "3.0.2")  
[0.882s] -- Found FastRTPS: /opt/ros/humble/include  
[0.921s] -- Using RMW implementation 'rmw_fastrtps_cpp' as default
[0.929s] -- Looking for pthread.h
[1.011s] -- Looking for pthread.h - found
[1.011s] -- Performing Test CMAKE_HAVE_LIBC_PTHREAD
[1.096s] -- Performing Test CMAKE_HAVE_LIBC_PTHREAD - Success
[1.098s] -- Found Threads: TRUE  
[1.163s] -- Found rclpy: 3.3.16 (/opt/ros/humble/share/rclpy/cmake)
[1.164s] -- Found example_interfaces: 0.9.3 (/opt/ros/humble/share/example_interfaces/cmake)
[1.376s] -- Configuring done
[1.383s] -- Generating done
[1.387s] -- Build files have been written to: /home/rosdev/ROS2/src/build/demos
[1.399s] Invoked command in '/home/rosdev/ROS2/src/build/demos' returned '0': CMAKE_PREFIX_PATH=${CMAKE_PREFIX_PATH}:/opt/ros/humble /usr/bin/cmake /home/rosdev/ROS2/src/demos/src/demos -DCMAKE_INSTALL_PREFIX=/home/rosdev/ROS2/src/install/demos
[1.401s] Invoking command in '/home/rosdev/ROS2/src/build/demos': CMAKE_PREFIX_PATH=${CMAKE_PREFIX_PATH}:/opt/ros/humble /usr/bin/cmake --build /home/rosdev/ROS2/src/build/demos -- -j12 -l12
[1.474s] Built target ament_cmake_python_copy_src
[1.773s] running egg_info
[1.774s] creating src.egg-info
[1.774s] writing src.egg-info/PKG-INFO
[1.774s] writing dependency_links to src.egg-info/dependency_links.txt
[1.774s] writing top-level names to src.egg-info/top_level.txt
[1.774s] writing manifest file 'src.egg-info/SOURCES.txt'
[1.777s] reading manifest file 'src.egg-info/SOURCES.txt'
[1.777s] writing manifest file 'src.egg-info/SOURCES.txt'
[1.803s] Built target ament_cmake_python_build_src_egg
[1.816s] Invoked command in '/home/rosdev/ROS2/src/build/demos' returned '0': CMAKE_PREFIX_PATH=${CMAKE_PREFIX_PATH}:/opt/ros/humble /usr/bin/cmake --build /home/rosdev/ROS2/src/build/demos -- -j12 -l12
[1.828s] Invoking command in '/home/rosdev/ROS2/src/build/demos': CMAKE_PREFIX_PATH=${CMAKE_PREFIX_PATH}:/opt/ros/humble /usr/bin/cmake --install /home/rosdev/ROS2/src/build/demos
[1.837s] -- Install configuration: ""
[1.837s] -- Installing: /home/rosdev/ROS2/src/install/demos/share/demos/environment/pythonpath.sh
[1.838s] -- Installing: /home/rosdev/ROS2/src/install/demos/share/demos/environment/pythonpath.dsv
[1.838s] -- Installing: /home/rosdev/ROS2/src/install/demos/local/lib/python3.10/dist-packages/src-0.0.1-py3.10.egg-info
[1.838s] -- Installing: /home/rosdev/ROS2/src/install/demos/local/lib/python3.10/dist-packages/src-0.0.1-py3.10.egg-info/SOURCES.txt
[1.838s] -- Installing: /home/rosdev/ROS2/src/install/demos/local/lib/python3.10/dist-packages/src-0.0.1-py3.10.egg-info/dependency_links.txt
[1.838s] -- Installing: /home/rosdev/ROS2/src/install/demos/local/lib/python3.10/dist-packages/src-0.0.1-py3.10.egg-info/PKG-INFO
[1.838s] -- Installing: /home/rosdev/ROS2/src/install/demos/local/lib/python3.10/dist-packages/src-0.0.1-py3.10.egg-info/top_level.txt
[1.839s] -- Installing: /home/rosdev/ROS2/src/install/demos/local/lib/python3.10/dist-packages/src
[1.839s] -- Installing: /home/rosdev/ROS2/src/install/demos/local/lib/python3.10/dist-packages/src/parameters
[1.839s] -- Installing: /home/rosdev/ROS2/src/install/demos/local/lib/python3.10/dist-packages/src/parameters/__init__.py
[1.839s] -- Installing: /home/rosdev/ROS2/src/install/demos/local/lib/python3.10/dist-packages/src/parameters/config_reader.py
[1.839s] -- Installing: /home/rosdev/ROS2/src/install/demos/local/lib/python3.10/dist-packages/src/parameters/param_talker.py
[1.839s] -- Installing: /home/rosdev/ROS2/src/install/demos/local/lib/python3.10/dist-packages/src/topics
[1.839s] -- Installing: /home/rosdev/ROS2/src/install/demos/local/lib/python3.10/dist-packages/src/topics/talker.py
[1.839s] -- Installing: /home/rosdev/ROS2/src/install/demos/local/lib/python3.10/dist-packages/src/topics/listener.py
[1.840s] -- Installing: /home/rosdev/ROS2/src/install/demos/local/lib/python3.10/dist-packages/src/topics/__init__.py
[1.840s] -- Installing: /home/rosdev/ROS2/src/install/demos/local/lib/python3.10/dist-packages/src/__init__.py
[1.840s] -- Installing: /home/rosdev/ROS2/src/install/demos/local/lib/python3.10/dist-packages/src/actions
[1.840s] -- Installing: /home/rosdev/ROS2/src/install/demos/local/lib/python3.10/dist-packages/src/actions/__init__.py
[1.840s] -- Installing: /home/rosdev/ROS2/src/install/demos/local/lib/python3.10/dist-packages/src/actions/action_server.py
[1.840s] -- Installing: /home/rosdev/ROS2/src/install/demos/local/lib/python3.10/dist-packages/src/actions/action_client.py
[1.840s] -- Installing: /home/rosdev/ROS2/src/install/demos/local/lib/python3.10/dist-packages/src/services
[1.840s] -- Installing: /home/rosdev/ROS2/src/install/demos/local/lib/python3.10/dist-packages/src/services/__init__.py
[1.841s] -- Installing: /home/rosdev/ROS2/src/install/demos/local/lib/python3.10/dist-packages/src/services/service_client.py
[1.841s] -- Installing: /home/rosdev/ROS2/src/install/demos/local/lib/python3.10/dist-packages/src/services/service_server.py
[1.882s] Listing '/home/rosdev/ROS2/src/install/demos/local/lib/python3.10/dist-packages/src'...
[1.882s] Compiling '/home/rosdev/ROS2/src/install/demos/local/lib/python3.10/dist-packages/src/__init__.py'...
[1.882s] Listing '/home/rosdev/ROS2/src/install/demos/local/lib/python3.10/dist-packages/src/actions'...
[1.883s] Compiling '/home/rosdev/ROS2/src/install/demos/local/lib/python3.10/dist-packages/src/actions/__init__.py'...
[1.883s] Compiling '/home/rosdev/ROS2/src/install/demos/local/lib/python3.10/dist-packages/src/actions/action_client.py'...
[1.883s] Compiling '/home/rosdev/ROS2/src/install/demos/local/lib/python3.10/dist-packages/src/actions/action_server.py'...
[1.883s] Listing '/home/rosdev/ROS2/src/install/demos/local/lib/python3.10/dist-packages/src/parameters'...
[1.883s] Compiling '/home/rosdev/ROS2/src/install/demos/local/lib/python3.10/dist-packages/src/parameters/__init__.py'...
[1.883s] Compiling '/home/rosdev/ROS2/src/install/demos/local/lib/python3.10/dist-packages/src/parameters/config_reader.py'...
[1.883s] Compiling '/home/rosdev/ROS2/src/install/demos/local/lib/python3.10/dist-packages/src/parameters/param_talker.py'...
[1.883s] Listing '/home/rosdev/ROS2/src/install/demos/local/lib/python3.10/dist-packages/src/services'...
[1.883s] Compiling '/home/rosdev/ROS2/src/install/demos/local/lib/python3.10/dist-packages/src/services/__init__.py'...
[1.883s] Compiling '/home/rosdev/ROS2/src/install/demos/local/lib/python3.10/dist-packages/src/services/service_client.py'...
[1.883s] Compiling '/home/rosdev/ROS2/src/install/demos/local/lib/python3.10/dist-packages/src/services/service_server.py'...
[1.883s] Listing '/home/rosdev/ROS2/src/install/demos/local/lib/python3.10/dist-packages/src/topics'...
[1.884s] Compiling '/home/rosdev/ROS2/src/install/demos/local/lib/python3.10/dist-packages/src/topics/__init__.py'...
[1.884s] Compiling '/home/rosdev/ROS2/src/install/demos/local/lib/python3.10/dist-packages/src/topics/listener.py'...
[1.884s] Compiling '/home/rosdev/ROS2/src/install/demos/local/lib/python3.10/dist-packages/src/topics/talker.py'...
[1.886s] -- Installing: /home/rosdev/ROS2/src/install/demos/share/demos/config
[1.886s] -- Installing: /home/rosdev/ROS2/src/install/demos/share/demos/config/params.yaml
[1.887s] -- Installing: /home/rosdev/ROS2/src/install/demos/share/demos/services
[1.887s] -- Installing: /home/rosdev/ROS2/src/install/demos/share/demos/services/__init__.py
[1.887s] -- Installing: /home/rosdev/ROS2/src/install/demos/share/demos/services/service_client.py
[1.887s] -- Installing: /home/rosdev/ROS2/src/install/demos/share/demos/services/service_server.py
[1.887s] -- Installing: /home/rosdev/ROS2/src/install/demos/share/demos/topics
[1.887s] -- Installing: /home/rosdev/ROS2/src/install/demos/share/demos/topics/talker.py
[1.888s] -- Installing: /home/rosdev/ROS2/src/install/demos/share/demos/topics/listener.py
[1.888s] -- Installing: /home/rosdev/ROS2/src/install/demos/share/demos/topics/__init__.py
[1.888s] -- Installing: /home/rosdev/ROS2/src/install/demos/share/demos/parameters
[1.888s] -- Installing: /home/rosdev/ROS2/src/install/demos/share/demos/parameters/__init__.py
[1.888s] -- Installing: /home/rosdev/ROS2/src/install/demos/share/demos/parameters/config_reader.py
[1.888s] -- Installing: /home/rosdev/ROS2/src/install/demos/share/demos/parameters/param_talker.py
[1.888s] -- Installing: /home/rosdev/ROS2/src/install/demos/share/demos/actions
[1.888s] -- Installing: /home/rosdev/ROS2/src/install/demos/share/demos/actions/__init__.py
[1.889s] -- Installing: /home/rosdev/ROS2/src/install/demos/share/demos/actions/action_server.py
[1.889s] -- Installing: /home/rosdev/ROS2/src/install/demos/share/demos/actions/action_client.py
[1.889s] -- Installing: /home/rosdev/ROS2/src/install/demos/lib/demos/service_client.py
[1.889s] -- Installing: /home/rosdev/ROS2/src/install/demos/lib/demos/service_server.py
[1.889s] -- Installing: /home/rosdev/ROS2/src/install/demos/lib/demos/listener.py
[1.889s] -- Installing: /home/rosdev/ROS2/src/install/demos/lib/demos/talker.py
[1.889s] -- Installing: /home/rosdev/ROS2/src/install/demos/lib/demos/param_talker.py
[1.890s] -- Installing: /home/rosdev/ROS2/src/install/demos/lib/demos/config_reader.py
[1.890s] -- Installing: /home/rosdev/ROS2/src/install/demos/lib/demos/action_client.py
[1.890s] -- Installing: /home/rosdev/ROS2/src/install/demos/lib/demos/action_server.py
[1.890s] -- Installing: /home/rosdev/ROS2/src/install/demos/share/ament_index/resource_index/package_run_dependencies/demos
[1.890s] -- Installing: /home/rosdev/ROS2/src/install/demos/share/ament_index/resource_index/parent_prefix_path/demos
[1.890s] -- Installing: /home/rosdev/ROS2/src/install/demos/share/demos/environment/ament_prefix_path.sh
[1.890s] -- Installing: /home/rosdev/ROS2/src/install/demos/share/demos/environment/ament_prefix_path.dsv
[1.891s] -- Installing: /home/rosdev/ROS2/src/install/demos/share/demos/environment/path.sh
[1.891s] -- Installing: /home/rosdev/ROS2/src/install/demos/share/demos/environment/path.dsv
[1.891s] -- Installing: /home/rosdev/ROS2/src/install/demos/share/demos/local_setup.bash
[1.891s] -- Installing: /home/rosdev/ROS2/src/install/demos/share/demos/local_setup.sh
[1.891s] -- Installing: /home/rosdev/ROS2/src/install/demos/share/demos/local_setup.zsh
[1.892s] -- Installing: /home/rosdev/ROS2/src/install/demos/share/demos/local_setup.dsv
[1.892s] -- Installing: /home/rosdev/ROS2/src/install/demos/share/demos/package.dsv
[1.892s] -- Installing: /home/rosdev/ROS2/src/install/demos/share/ament_index/resource_index/packages/demos
[1.892s] -- Installing: /home/rosdev/ROS2/src/install/demos/share/demos/cmake/demosConfig.cmake
[1.893s] -- Installing: /home/rosdev/ROS2/src/install/demos/share/demos/cmake/demosConfig-version.cmake
[1.893s] -- Installing: /home/rosdev/ROS2/src/install/demos/share/demos/package.xml
[1.896s] Invoked command in '/home/rosdev/ROS2/src/build/demos' returned '0': CMAKE_PREFIX_PATH=${CMAKE_PREFIX_PATH}:/opt/ros/humble /usr/bin/cmake --install /home/rosdev/ROS2/src/build/demos
