[0.146s] DEBUG:colcon:Command line arguments: ['/usr/bin/colcon', 'build']
[0.146s] DEBUG:colcon:Parsed command line arguments: Namespace(log_base=None, log_level=None, verb_name='build', build_base='build', install_base='install', merge_install=False, symlink_install=False, test_result_base=None, continue_on_error=False, executor='parallel', parallel_workers=12, event_handlers=None, ignore_user_meta=False, metas=['./colcon.meta'], base_paths=['.'], packages_ignore=None, packages_ignore_regex=None, paths=None, packages_up_to=None, packages_up_to_regex=None, packages_above=None, packages_above_and_dependencies=None, packages_above_depth=None, packages_select_by_dep=None, packages_skip_by_dep=None, packages_skip_up_to=None, packages_select_build_failed=False, packages_skip_build_finished=False, packages_select_test_failures=False, packages_skip_test_passed=False, packages_select=None, packages_skip=None, packages_select_regex=None, packages_skip_regex=None, packages_start=None, packages_end=None, allow_overriding=[], cmake_args=None, cmake_target=None, cmake_target_skip_unavailable=False, cmake_clean_cache=False, cmake_clean_first=False, cmake_force_configure=False, ament_cmake_args=None, catkin_cmake_args=None, catkin_skip_building_tests=False, verb_parser=<colcon_defaults.argument_parser.defaults.DefaultArgumentsDecorator object at 0x7b4cd5917ca0>, verb_extension=<colcon_core.verb.build.BuildVerb object at 0x7b4cd5b61420>, main=<bound method BuildVerb.main of <colcon_core.verb.build.BuildVerb object at 0x7b4cd5b61420>>)
[0.360s] Level 1:colcon.colcon_core.package_discovery:discover_packages(colcon_meta) check parameters
[0.360s] Level 1:colcon.colcon_core.package_discovery:discover_packages(recursive) check parameters
[0.360s] Level 1:colcon.colcon_core.package_discovery:discover_packages(ignore) check parameters
[0.360s] Level 1:colcon.colcon_core.package_discovery:discover_packages(path) check parameters
[0.360s] Level 1:colcon.colcon_core.package_discovery:discover_packages(colcon_meta) discover
[0.360s] Level 1:colcon.colcon_core.package_discovery:discover_packages(recursive) discover
[0.361s] INFO:colcon.colcon_core.package_discovery:Crawling recursively for packages in '/home/rosdev/ROS2/src'
[0.361s] Level 1:colcon.colcon_core.package_identification:_identify(.) by extensions ['ignore', 'ignore_ament_install']
[0.361s] Level 1:colcon.colcon_core.package_identification:_identify(.) by extension 'ignore'
[0.361s] Level 1:colcon.colcon_core.package_identification:_identify(.) by extension 'ignore_ament_install'
[0.361s] Level 1:colcon.colcon_core.package_identification:_identify(.) by extensions ['colcon_pkg']
[0.361s] Level 1:colcon.colcon_core.package_identification:_identify(.) by extension 'colcon_pkg'
[0.361s] Level 1:colcon.colcon_core.package_identification:_identify(.) by extensions ['colcon_meta']
[0.361s] Level 1:colcon.colcon_core.package_identification:_identify(.) by extension 'colcon_meta'
[0.361s] Level 1:colcon.colcon_core.package_identification:_identify(.) by extensions ['ros']
[0.361s] Level 1:colcon.colcon_core.package_identification:_identify(.) by extension 'ros'
[0.381s] Level 1:colcon.colcon_core.package_identification:_identify(.) by extensions ['cmake', 'python']
[0.381s] Level 1:colcon.colcon_core.package_identification:_identify(.) by extension 'cmake'
[0.381s] Level 1:colcon.colcon_core.package_identification:_identify(.) by extension 'python'
[0.382s] Level 1:colcon.colcon_core.package_identification:_identify(.) by extensions ['python_setup_py']
[0.382s] Level 1:colcon.colcon_core.package_identification:_identify(.) by extension 'python_setup_py'
[0.382s] Level 1:colcon.colcon_core.package_identification:_identify(build) by extensions ['ignore', 'ignore_ament_install']
[0.382s] Level 1:colcon.colcon_core.package_identification:_identify(build) by extension 'ignore'
[0.382s] Level 1:colcon.colcon_core.package_identification:_identify(build) ignored
[0.382s] Level 1:colcon.colcon_core.package_identification:_identify(demos) by extensions ['ignore', 'ignore_ament_install']
[0.382s] Level 1:colcon.colcon_core.package_identification:_identify(demos) by extension 'ignore'
[0.382s] Level 1:colcon.colcon_core.package_identification:_identify(demos) by extension 'ignore_ament_install'
[0.382s] Level 1:colcon.colcon_core.package_identification:_identify(demos) by extensions ['colcon_pkg']
[0.382s] Level 1:colcon.colcon_core.package_identification:_identify(demos) by extension 'colcon_pkg'
[0.382s] Level 1:colcon.colcon_core.package_identification:_identify(demos) by extensions ['colcon_meta']
[0.382s] Level 1:colcon.colcon_core.package_identification:_identify(demos) by extension 'colcon_meta'
[0.383s] Level 1:colcon.colcon_core.package_identification:_identify(demos) by extensions ['ros']
[0.383s] Level 1:colcon.colcon_core.package_identification:_identify(demos) by extension 'ros'
[0.383s] Level 1:colcon.colcon_core.package_identification:_identify(demos) by extensions ['cmake', 'python']
[0.383s] Level 1:colcon.colcon_core.package_identification:_identify(demos) by extension 'cmake'
[0.383s] Level 1:colcon.colcon_core.package_identification:_identify(demos) by extension 'python'
[0.383s] Level 1:colcon.colcon_core.package_identification:_identify(demos) by extensions ['python_setup_py']
[0.383s] Level 1:colcon.colcon_core.package_identification:_identify(demos) by extension 'python_setup_py'
[0.383s] Level 1:colcon.colcon_core.package_identification:_identify(demos/src) by extensions ['ignore', 'ignore_ament_install']
[0.383s] Level 1:colcon.colcon_core.package_identification:_identify(demos/src) by extension 'ignore'
[0.383s] Level 1:colcon.colcon_core.package_identification:_identify(demos/src) by extension 'ignore_ament_install'
[0.383s] Level 1:colcon.colcon_core.package_identification:_identify(demos/src) by extensions ['colcon_pkg']
[0.383s] Level 1:colcon.colcon_core.package_identification:_identify(demos/src) by extension 'colcon_pkg'
[0.383s] Level 1:colcon.colcon_core.package_identification:_identify(demos/src) by extensions ['colcon_meta']
[0.383s] Level 1:colcon.colcon_core.package_identification:_identify(demos/src) by extension 'colcon_meta'
[0.383s] Level 1:colcon.colcon_core.package_identification:_identify(demos/src) by extensions ['ros']
[0.384s] Level 1:colcon.colcon_core.package_identification:_identify(demos/src) by extension 'ros'
[0.384s] Level 1:colcon.colcon_core.package_identification:_identify(demos/src) by extensions ['cmake', 'python']
[0.384s] Level 1:colcon.colcon_core.package_identification:_identify(demos/src) by extension 'cmake'
[0.384s] Level 1:colcon.colcon_core.package_identification:_identify(demos/src) by extension 'python'
[0.384s] Level 1:colcon.colcon_core.package_identification:_identify(demos/src) by extensions ['python_setup_py']
[0.384s] Level 1:colcon.colcon_core.package_identification:_identify(demos/src) by extension 'python_setup_py'
[0.384s] Level 1:colcon.colcon_core.package_identification:_identify(demos/src/demos) by extensions ['ignore', 'ignore_ament_install']
[0.384s] Level 1:colcon.colcon_core.package_identification:_identify(demos/src/demos) by extension 'ignore'
[0.384s] Level 1:colcon.colcon_core.package_identification:_identify(demos/src/demos) by extension 'ignore_ament_install'
[0.384s] Level 1:colcon.colcon_core.package_identification:_identify(demos/src/demos) by extensions ['colcon_pkg']
[0.384s] Level 1:colcon.colcon_core.package_identification:_identify(demos/src/demos) by extension 'colcon_pkg'
[0.384s] Level 1:colcon.colcon_core.package_identification:_identify(demos/src/demos) by extensions ['colcon_meta']
[0.384s] Level 1:colcon.colcon_core.package_identification:_identify(demos/src/demos) by extension 'colcon_meta'
[0.384s] Level 1:colcon.colcon_core.package_identification:_identify(demos/src/demos) by extensions ['ros']
[0.384s] Level 1:colcon.colcon_core.package_identification:_identify(demos/src/demos) by extension 'ros'
[0.387s] DEBUG:colcon.colcon_core.package_identification:Package 'demos/src/demos' with type 'ros.ament_cmake' and name 'demos'
[0.387s] Level 1:colcon.colcon_core.package_identification:_identify(install) by extensions ['ignore', 'ignore_ament_install']
[0.388s] Level 1:colcon.colcon_core.package_identification:_identify(install) by extension 'ignore'
[0.388s] Level 1:colcon.colcon_core.package_identification:_identify(install) ignored
[0.388s] Level 1:colcon.colcon_core.package_identification:_identify(log) by extensions ['ignore', 'ignore_ament_install']
[0.388s] Level 1:colcon.colcon_core.package_identification:_identify(log) by extension 'ignore'
[0.388s] Level 1:colcon.colcon_core.package_identification:_identify(log) ignored
[0.388s] Level 1:colcon.colcon_core.package_discovery:discover_packages(recursive) using defaults
[0.388s] Level 1:colcon.colcon_core.package_discovery:discover_packages(ignore) discover
[0.388s] Level 1:colcon.colcon_core.package_discovery:discover_packages(ignore) using defaults
[0.388s] Level 1:colcon.colcon_core.package_discovery:discover_packages(path) discover
[0.388s] Level 1:colcon.colcon_core.package_discovery:discover_packages(path) using defaults
[0.409s] Level 1:colcon.colcon_core.package_discovery:discover_packages(prefix_path) check parameters
[0.409s] Level 1:colcon.colcon_core.package_discovery:discover_packages(prefix_path) discover
[0.410s] WARNING:colcon.colcon_core.prefix_path.colcon:The path '/home/rosdev/demos/install' in the environment variable COLCON_PREFIX_PATH doesn't exist
[0.410s] WARNING:colcon.colcon_ros.prefix_path.ament:The path '/home/rosdev/demos/install/demos' in the environment variable AMENT_PREFIX_PATH doesn't exist
[0.410s] WARNING:colcon.colcon_ros.prefix_path.catkin:The path '/home/rosdev/demos/install/demos' in the environment variable CMAKE_PREFIX_PATH doesn't exist
[0.412s] DEBUG:colcon.colcon_installed_package_information.package_discovery:Found 323 installed packages in /opt/ros/humble
[0.415s] Level 1:colcon.colcon_core.package_discovery:discover_packages(prefix_path) using defaults
[0.471s] Level 5:colcon.colcon_core.verb:set package 'demos' build argument 'cmake_args' from command line to 'None'
[0.471s] Level 5:colcon.colcon_core.verb:set package 'demos' build argument 'cmake_target' from command line to 'None'
[0.471s] Level 5:colcon.colcon_core.verb:set package 'demos' build argument 'cmake_target_skip_unavailable' from command line to 'False'
[0.471s] Level 5:colcon.colcon_core.verb:set package 'demos' build argument 'cmake_clean_cache' from command line to 'False'
[0.471s] Level 5:colcon.colcon_core.verb:set package 'demos' build argument 'cmake_clean_first' from command line to 'False'
[0.471s] Level 5:colcon.colcon_core.verb:set package 'demos' build argument 'cmake_force_configure' from command line to 'False'
[0.471s] Level 5:colcon.colcon_core.verb:set package 'demos' build argument 'ament_cmake_args' from command line to 'None'
[0.471s] Level 5:colcon.colcon_core.verb:set package 'demos' build argument 'catkin_cmake_args' from command line to 'None'
[0.471s] Level 5:colcon.colcon_core.verb:set package 'demos' build argument 'catkin_skip_building_tests' from command line to 'False'
[0.471s] DEBUG:colcon.colcon_core.verb:Building package 'demos' with the following arguments: {'ament_cmake_args': None, 'build_base': '/home/rosdev/ROS2/src/build/demos', 'catkin_cmake_args': None, 'catkin_skip_building_tests': False, 'cmake_args': None, 'cmake_clean_cache': False, 'cmake_clean_first': False, 'cmake_force_configure': False, 'cmake_target': None, 'cmake_target_skip_unavailable': False, 'install_base': '/home/rosdev/ROS2/src/install/demos', 'merge_install': False, 'path': '/home/rosdev/ROS2/src/demos/src/demos', 'symlink_install': False, 'test_result_base': None}
[0.471s] INFO:colcon.colcon_core.executor:Executing jobs using 'parallel' executor
[0.472s] DEBUG:colcon.colcon_parallel_executor.executor.parallel:run_until_complete
[0.473s] INFO:colcon.colcon_ros.task.ament_cmake.build:Building ROS package in '/home/rosdev/ROS2/src/demos/src/demos' with build type 'ament_cmake'
[0.473s] INFO:colcon.colcon_cmake.task.cmake.build:Building CMake package in '/home/rosdev/ROS2/src/demos/src/demos'
[0.475s] INFO:colcon.colcon_core.plugin_system:Skipping extension 'colcon_core.shell.bat': Not used on non-Windows systems
[0.475s] INFO:colcon.colcon_core.shell:Skip shell extension 'powershell' for command environment: Not usable outside of PowerShell
[0.475s] DEBUG:colcon.colcon_core.shell:Skip shell extension 'dsv' for command environment
[0.483s] DEBUG:colcon.colcon_core.event_handler.log_command:Invoking command in '/home/rosdev/ROS2/src/build/demos': CMAKE_PREFIX_PATH=${CMAKE_PREFIX_PATH}:/opt/ros/humble /usr/bin/cmake /home/rosdev/ROS2/src/demos/src/demos -DCMAKE_INSTALL_PREFIX=/home/rosdev/ROS2/src/install/demos
[1.872s] DEBUG:colcon.colcon_core.event_handler.log_command:Invoked command in '/home/rosdev/ROS2/src/build/demos' returned '0': CMAKE_PREFIX_PATH=${CMAKE_PREFIX_PATH}:/opt/ros/humble /usr/bin/cmake /home/rosdev/ROS2/src/demos/src/demos -DCMAKE_INSTALL_PREFIX=/home/rosdev/ROS2/src/install/demos
[1.875s] DEBUG:colcon.colcon_core.event_handler.log_command:Invoking command in '/home/rosdev/ROS2/src/build/demos': CMAKE_PREFIX_PATH=${CMAKE_PREFIX_PATH}:/opt/ros/humble /usr/bin/cmake --build /home/rosdev/ROS2/src/build/demos -- -j12 -l12
[2.288s] DEBUG:colcon.colcon_core.event_handler.log_command:Invoked command in '/home/rosdev/ROS2/src/build/demos' returned '0': CMAKE_PREFIX_PATH=${CMAKE_PREFIX_PATH}:/opt/ros/humble /usr/bin/cmake --build /home/rosdev/ROS2/src/build/demos -- -j12 -l12
[2.301s] DEBUG:colcon.colcon_core.event_handler.log_command:Invoking command in '/home/rosdev/ROS2/src/build/demos': CMAKE_PREFIX_PATH=${CMAKE_PREFIX_PATH}:/opt/ros/humble /usr/bin/cmake --install /home/rosdev/ROS2/src/build/demos
[2.368s] Level 1:colcon.colcon_core.environment:create_environment_scripts_only(demos)
[2.368s] DEBUG:colcon.colcon_core.event_handler.log_command:Invoked command in '/home/rosdev/ROS2/src/build/demos' returned '0': CMAKE_PREFIX_PATH=${CMAKE_PREFIX_PATH}:/opt/ros/humble /usr/bin/cmake --install /home/rosdev/ROS2/src/build/demos
[2.373s] Level 1:colcon.colcon_core.environment:checking '/home/rosdev/ROS2/src/install/demos' for CMake module files
[2.375s] Level 1:colcon.colcon_core.environment:checking '/home/rosdev/ROS2/src/install/demos' for CMake config files
[2.375s] Level 1:colcon.colcon_core.shell:create_environment_hook('demos', 'cmake_prefix_path')
[2.376s] INFO:colcon.colcon_core.shell:Creating environment hook '/home/rosdev/ROS2/src/install/demos/share/demos/hook/cmake_prefix_path.ps1'
[2.377s] INFO:colcon.colcon_core.shell:Creating environment descriptor '/home/rosdev/ROS2/src/install/demos/share/demos/hook/cmake_prefix_path.dsv'
[2.378s] INFO:colcon.colcon_core.shell:Creating environment hook '/home/rosdev/ROS2/src/install/demos/share/demos/hook/cmake_prefix_path.sh'
[2.380s] Level 1:colcon.colcon_core.environment:checking '/home/rosdev/ROS2/src/install/demos/lib'
[2.380s] Level 1:colcon.colcon_core.environment:checking '/home/rosdev/ROS2/src/install/demos/bin'
[2.380s] Level 1:colcon.colcon_core.environment:checking '/home/rosdev/ROS2/src/install/demos/lib/pkgconfig/demos.pc'
[2.381s] Level 1:colcon.colcon_core.environment:checking '/home/rosdev/ROS2/src/install/demos/lib/python3.10/site-packages'
[2.381s] Level 1:colcon.colcon_core.environment:checking '/home/rosdev/ROS2/src/install/demos/bin'
[2.382s] INFO:colcon.colcon_core.shell:Creating package script '/home/rosdev/ROS2/src/install/demos/share/demos/package.ps1'
[2.384s] INFO:colcon.colcon_core.shell:Creating package descriptor '/home/rosdev/ROS2/src/install/demos/share/demos/package.dsv'
[2.384s] INFO:colcon.colcon_core.shell:Creating package script '/home/rosdev/ROS2/src/install/demos/share/demos/package.sh'
[2.386s] INFO:colcon.colcon_core.shell:Creating package script '/home/rosdev/ROS2/src/install/demos/share/demos/package.bash'
[2.387s] INFO:colcon.colcon_core.shell:Creating package script '/home/rosdev/ROS2/src/install/demos/share/demos/package.zsh'
[2.389s] Level 1:colcon.colcon_core.environment:create_file_with_runtime_dependencies(/home/rosdev/ROS2/src/install/demos/share/colcon-core/packages/demos)
[2.390s] Level 1:colcon.colcon_core.environment:create_environment_scripts_only(demos)
[2.391s] Level 1:colcon.colcon_core.environment:checking '/home/rosdev/ROS2/src/install/demos' for CMake module files
[2.392s] Level 1:colcon.colcon_core.environment:checking '/home/rosdev/ROS2/src/install/demos' for CMake config files
[2.393s] Level 1:colcon.colcon_core.shell:create_environment_hook('demos', 'cmake_prefix_path')
[2.393s] INFO:colcon.colcon_core.shell:Creating environment hook '/home/rosdev/ROS2/src/install/demos/share/demos/hook/cmake_prefix_path.ps1'
[2.394s] INFO:colcon.colcon_core.shell:Creating environment descriptor '/home/rosdev/ROS2/src/install/demos/share/demos/hook/cmake_prefix_path.dsv'
[2.395s] INFO:colcon.colcon_core.shell:Creating environment hook '/home/rosdev/ROS2/src/install/demos/share/demos/hook/cmake_prefix_path.sh'
[2.396s] Level 1:colcon.colcon_core.environment:checking '/home/rosdev/ROS2/src/install/demos/lib'
[2.396s] Level 1:colcon.colcon_core.environment:checking '/home/rosdev/ROS2/src/install/demos/bin'
[2.396s] Level 1:colcon.colcon_core.environment:checking '/home/rosdev/ROS2/src/install/demos/lib/pkgconfig/demos.pc'
[2.397s] Level 1:colcon.colcon_core.environment:checking '/home/rosdev/ROS2/src/install/demos/lib/python3.10/site-packages'
[2.397s] Level 1:colcon.colcon_core.environment:checking '/home/rosdev/ROS2/src/install/demos/bin'
[2.398s] INFO:colcon.colcon_core.shell:Creating package script '/home/rosdev/ROS2/src/install/demos/share/demos/package.ps1'
[2.399s] INFO:colcon.colcon_core.shell:Creating package descriptor '/home/rosdev/ROS2/src/install/demos/share/demos/package.dsv'
[2.400s] INFO:colcon.colcon_core.shell:Creating package script '/home/rosdev/ROS2/src/install/demos/share/demos/package.sh'
[2.401s] INFO:colcon.colcon_core.shell:Creating package script '/home/rosdev/ROS2/src/install/demos/share/demos/package.bash'
[2.402s] INFO:colcon.colcon_core.shell:Creating package script '/home/rosdev/ROS2/src/install/demos/share/demos/package.zsh'
[2.402s] Level 1:colcon.colcon_core.environment:create_file_with_runtime_dependencies(/home/rosdev/ROS2/src/install/demos/share/colcon-core/packages/demos)
[2.403s] DEBUG:colcon.colcon_parallel_executor.executor.parallel:closing loop
[2.404s] DEBUG:colcon.colcon_parallel_executor.executor.parallel:loop closed
[2.404s] DEBUG:colcon.colcon_parallel_executor.executor.parallel:run_until_complete finished with '0'
[2.404s] DEBUG:colcon.colcon_core.event_reactor:joining thread
[2.413s] INFO:colcon.colcon_core.plugin_system:Skipping extension 'colcon_notification.desktop_notification.terminal_notifier': Not used on non-Darwin systems
[2.413s] INFO:colcon.colcon_core.plugin_system:Skipping extension 'colcon_notification.desktop_notification.win32': Not used on non-Windows systems
[2.413s] INFO:colcon.colcon_notification.desktop_notification:Sending desktop notification using 'notify2'
[2.437s] DEBUG:colcon.colcon_core.event_reactor:joined thread
[2.438s] INFO:colcon.colcon_core.shell:Creating prefix script '/home/rosdev/ROS2/src/install/local_setup.ps1'
[2.439s] INFO:colcon.colcon_core.shell:Creating prefix util module '/home/rosdev/ROS2/src/install/_local_setup_util_ps1.py'
[2.442s] INFO:colcon.colcon_core.shell:Creating prefix chain script '/home/rosdev/ROS2/src/install/setup.ps1'
[2.444s] INFO:colcon.colcon_core.shell:Creating prefix script '/home/rosdev/ROS2/src/install/local_setup.sh'
[2.445s] INFO:colcon.colcon_core.shell:Creating prefix util module '/home/rosdev/ROS2/src/install/_local_setup_util_sh.py'
[2.446s] INFO:colcon.colcon_core.shell:Creating prefix chain script '/home/rosdev/ROS2/src/install/setup.sh'
[2.448s] INFO:colcon.colcon_core.shell:Creating prefix script '/home/rosdev/ROS2/src/install/local_setup.bash'
[2.449s] INFO:colcon.colcon_core.shell:Creating prefix chain script '/home/rosdev/ROS2/src/install/setup.bash'
[2.451s] INFO:colcon.colcon_core.shell:Creating prefix script '/home/rosdev/ROS2/src/install/local_setup.zsh'
[2.452s] INFO:colcon.colcon_core.shell:Creating prefix chain script '/home/rosdev/ROS2/src/install/setup.zsh'
